[debug] [2025-04-24T21:24:36.068Z] ----------------------------------------------------------------------
[debug] [2025-04-24T21:24:36.070Z] Command:       C:\Program Files\nodejs\node.exe C:\Users\Ziad Nasif\AppData\Roaming\npm\node_modules\firebase-tools\lib\bin\firebase.js emulators:start --project demo-rivoo
[debug] [2025-04-24T21:24:36.071Z] CLI Version:   14.2.1
[debug] [2025-04-24T21:24:36.071Z] Platform:      win32
[debug] [2025-04-24T21:24:36.071Z] Node Version:  v22.14.0
[debug] [2025-04-24T21:24:36.071Z] Time:          Thu Apr 24 2025 23:24:36 GMT+0200 (sentraleuropeisk sommertid)
[debug] [2025-04-24T21:24:36.071Z] ----------------------------------------------------------------------
[debug] 
[debug] [2025-04-24T21:24:36.276Z] > command requires scopes: ["email","openid","https://www.googleapis.com/auth/cloudplatformprojects.readonly","https://www.googleapis.com/auth/firebase","https://www.googleapis.com/auth/cloud-platform"]
[debug] [2025-04-24T21:24:36.276Z] > authorizing via signed-in user (ziadnasif77@gmail.com)
[debug] [2025-04-24T21:24:36.317Z] openjdk version "17.0.14" 2025-01-21
OpenJDK Runtime Environment Temurin-17.0.14+7 (build 17.0.14+7)
OpenJDK 64-Bit Server VM Temurin-17.0.14+7 (build 17.0.14+7, mixed mode, sharing)

[debug] [2025-04-24T21:24:36.329Z] Parsed Java major version: 17
[info] i  emulators: Starting emulators: auth, functions, firestore, extensions {"metadata":{"emulator":{"name":"hub"},"message":"Starting emulators: auth, functions, firestore, extensions"}}
[info] i  emulators: Detected demo project ID "demo-rivoo", emulated services will use a demo configuration and attempts to access non-emulated services for this project will fail. {"metadata":{"emulator":{"name":"hub"},"message":"Detected demo project ID \"demo-rivoo\", emulated services will use a demo configuration and attempts to access non-emulated services for this project will fail."}}
[debug] [2025-04-24T21:24:36.342Z] [logging] Logging Emulator only supports listening on one address (127.0.0.1). Not listening on ::1
[debug] [2025-04-24T21:24:36.342Z] [auth] Authentication Emulator only supports listening on one address (127.0.0.1). Not listening on ::1
[debug] [2025-04-24T21:24:36.343Z] [firestore] Firestore Emulator only supports listening on one address (127.0.0.1). Not listening on ::1
[debug] [2025-04-24T21:24:36.343Z] [firestore.websocket] websocket server for firestore only supports listening on one address (127.0.0.1). Not listening on ::1
[debug] [2025-04-24T21:24:36.343Z] assigned listening specs for emulators {"user":{"hub":[{"address":"127.0.0.1","family":"IPv4","port":4400},{"address":"::1","family":"IPv6","port":4400}],"ui":[{"address":"127.0.0.1","family":"IPv4","port":4000},{"address":"::1","family":"IPv6","port":4000}],"logging":[{"address":"127.0.0.1","family":"IPv4","port":4500}],"auth":[{"address":"127.0.0.1","family":"IPv4","port":9099}],"firestore":[{"address":"127.0.0.1","family":"IPv4","port":8080}],"firestore.websocket":[{"address":"127.0.0.1","family":"IPv4","port":9150}]},"metadata":{"message":"assigned listening specs for emulators"}}
[debug] [2025-04-24T21:24:36.347Z] [hub] writing locator at C:\Users\ZIADNA~1\AppData\Local\Temp\hub-demo-rivoo.json
[debug] [2025-04-24T21:24:36.357Z] [Extensions] Started Extensions emulator, this is a noop.
[debug] [2025-04-24T21:24:36.360Z] [functions] Functions Emulator only supports listening on one address (127.0.0.1). Not listening on ::1
[debug] [2025-04-24T21:24:36.360Z] [eventarc] Eventarc Emulator only supports listening on one address (127.0.0.1). Not listening on ::1
[debug] [2025-04-24T21:24:36.360Z] [tasks] Cloud Tasks Emulator only supports listening on one address (127.0.0.1). Not listening on ::1
[debug] [2025-04-24T21:24:36.360Z] late-assigned ports for functions and eventarc emulators {"user":{"hub":[{"address":"127.0.0.1","family":"IPv4","port":4400},{"address":"::1","family":"IPv6","port":4400}],"ui":[{"address":"127.0.0.1","family":"IPv4","port":4000},{"address":"::1","family":"IPv6","port":4000}],"logging":[{"address":"127.0.0.1","family":"IPv4","port":4500}],"auth":[{"address":"127.0.0.1","family":"IPv4","port":9099}],"firestore":[{"address":"127.0.0.1","family":"IPv4","port":8080}],"firestore.websocket":[{"address":"127.0.0.1","family":"IPv4","port":9150}],"functions":[{"address":"127.0.0.1","family":"IPv4","port":5001}],"eventarc":[{"address":"127.0.0.1","family":"IPv4","port":9299}],"tasks":[{"address":"127.0.0.1","family":"IPv4","port":9499}]},"metadata":{"message":"late-assigned ports for functions and eventarc emulators"}}
[debug] [2025-04-24T21:24:36.378Z] defaultcredentials: writing to file C:\Users\Ziad Nasif\AppData\Roaming\firebase\ziadnasif77_gmail_com_application_default_credentials.json
[debug] [2025-04-24T21:24:36.379Z] Setting GAC to C:\Users\Ziad Nasif\AppData\Roaming\firebase\ziadnasif77_gmail_com_application_default_credentials.json {"metadata":{"emulator":{"name":"functions"},"message":"Setting GAC to C:\\Users\\Ziad Nasif\\AppData\\Roaming\\firebase\\ziadnasif77_gmail_com_application_default_credentials.json"}}
[debug] [2025-04-24T21:24:36.390Z] Ignoring unsupported arg: auto_download {"metadata":{"emulator":{"name":"firestore"},"message":"Ignoring unsupported arg: auto_download"}}
[debug] [2025-04-24T21:24:36.390Z] Ignoring unsupported arg: single_project_mode_error {"metadata":{"emulator":{"name":"firestore"},"message":"Ignoring unsupported arg: single_project_mode_error"}}
[debug] [2025-04-24T21:24:36.390Z] Starting Firestore Emulator with command {"binary":"java","args":["-Dgoogle.cloud_firestore.debug_log_level=FINE","-Duser.language=en","-jar","C:\\Users\\Ziad Nasif\\.cache\\firebase\\emulators\\cloud-firestore-emulator-v1.19.8.jar","--host","127.0.0.1","--port",8080,"--websocket_port",9150,"--project_id","demo-rivoo","--rules","D:\\it-wepapp\\new_rivoo\\firestore.rules","--single_project_mode",true,"--functions_emulator","127.0.0.1:5001"],"optionalArgs":["port","webchannel_port","host","rules","websocket_port","functions_emulator","seed_from_export","project_id","single_project_mode"],"joinArgs":false,"shell":false,"port":8080} {"metadata":{"emulator":{"name":"firestore"},"message":"Starting Firestore Emulator with command {\"binary\":\"java\",\"args\":[\"-Dgoogle.cloud_firestore.debug_log_level=FINE\",\"-Duser.language=en\",\"-jar\",\"C:\\\\Users\\\\Ziad Nasif\\\\.cache\\\\firebase\\\\emulators\\\\cloud-firestore-emulator-v1.19.8.jar\",\"--host\",\"127.0.0.1\",\"--port\",8080,\"--websocket_port\",9150,\"--project_id\",\"demo-rivoo\",\"--rules\",\"D:\\\\it-wepapp\\\\new_rivoo\\\\firestore.rules\",\"--single_project_mode\",true,\"--functions_emulator\",\"127.0.0.1:5001\"],\"optionalArgs\":[\"port\",\"webchannel_port\",\"host\",\"rules\",\"websocket_port\",\"functions_emulator\",\"seed_from_export\",\"project_id\",\"single_project_mode\"],\"joinArgs\":false,\"shell\":false,\"port\":8080}"}}
[info] i  firestore: Firestore Emulator logging to firestore-debug.log {"metadata":{"emulator":{"name":"firestore"},"message":"Firestore Emulator logging to \u001b[1mfirestore-debug.log\u001b[22m"}}
[debug] [2025-04-24T21:24:37.310Z] Apr 24, 2025 11:24:37 PM com.google.cloud.datastore.emulator.firestore.websocket.WebSocketServer start
INFO: Started WebSocket server on ws://127.0.0.1:9150
 {"metadata":{"emulator":{"name":"firestore"},"message":"Apr 24, 2025 11:24:37 PM com.google.cloud.datastore.emulator.firestore.websocket.WebSocketServer start\r\nINFO: Started WebSocket server on ws://127.0.0.1:9150\r\n"}}
[debug] [2025-04-24T21:24:37.348Z] API endpoint: http://127.0.0.1:8080 {"metadata":{"emulator":{"name":"firestore"},"message":"API endpoint: http://127.0.0.1:8080"}}
[debug] [2025-04-24T21:24:37.349Z] 
If you are using a library that supports the FIRESTORE_EMULATOR_HOST environment variable, run:

   export FIRESTORE_EMULATOR_HOST=127.0.0.1:8080

If you are running a Firestore in Datastore Mode project, run:

   export DATASTORE_EMULATOR_HOST=127.0.0.1:8080

Note: Support for Datastore Mode is in preview. If you encounter any bugs please file at https://github.com/firebase/firebase-tools/issues.
Dev App Server is now running.

 {"metadata":{"emulator":{"name":"firestore"},"message":"\nIf you are using a library that supports the FIRESTORE_EMULATOR_HOST environment variable, run:\r\n\n   export FIRESTORE_EMULATOR_HOST=127.0.0.1:8080\n\nIf you are running a Firestore in Datastore Mode project, run:\r\n\n   export DATASTORE_EMULATOR_HOST=127.0.0.1:8080\n\nNote: Support for Datastore Mode is in preview. If you encounter any bugs please file at https://github.com/firebase/firebase-tools/issues.\r\nDev App Server is now running.\n\r\n"}}
[info] +  firestore: Firestore Emulator UI websocket is running on 9150. {"metadata":{"emulator":{"name":"firestore"},"message":"Firestore Emulator UI websocket is running on 9150."}}
[info] i  ui: downloading ui-v1.14.0.zip... {"metadata":{"emulator":{"name":"ui"},"message":"downloading ui-v1.14.0.zip..."}}
[debug] [2025-04-24T21:24:42.156Z] >>> [apiv2][query] GET https://storage.googleapis.com/firebase-preview-drop/emulator/ui-v1.14.0.zip 
[debug] [2025-04-24T21:24:42.360Z] <<< [apiv2][status] GET https://storage.googleapis.com/firebase-preview-drop/emulator/ui-v1.14.0.zip 200
[debug] [2025-04-24T21:24:42.361Z] <<< [apiv2][body] GET https://storage.googleapis.com/firebase-preview-drop/emulator/ui-v1.14.0.zip [stream]
[debug] [2025-04-24T21:24:42.557Z] Data is 3615311
[debug] [2025-04-24T21:24:42.557Z] [unzip] Entry: client/ (compressed_size=0 bytes, uncompressed_size=0 bytes)
[debug] [2025-04-24T21:24:42.557Z] [unzip] Processing entry: client\
[debug] [2025-04-24T21:24:42.557Z] [unzip] mkdir: C:\Users\Ziad Nasif\.cache\firebase\emulators\ui-v1.14.0\client\
[debug] [2025-04-24T21:24:42.558Z] [unzip] Entry: client/favicon-16x16.png (compressed_size=293 bytes, uncompressed_size=293 bytes)
[debug] [2025-04-24T21:24:42.558Z] [unzip] Processing entry: client\favicon-16x16.png
[debug] [2025-04-24T21:24:42.558Z] [unzip] else mkdir: C:\Users\Ziad Nasif\.cache\firebase\emulators\ui-v1.14.0\client
[debug] [2025-04-24T21:24:42.558Z] [unzip] Writing file: C:\Users\Ziad Nasif\.cache\firebase\emulators\ui-v1.14.0\client\favicon-16x16.png
[debug] [2025-04-24T21:24:42.559Z] [unzip] Entry: client/safari-pinned-tab.svg (compressed_size=1433 bytes, uncompressed_size=2611 bytes)
[debug] [2025-04-24T21:24:42.559Z] [unzip] Processing entry: client\safari-pinned-tab.svg
[debug] [2025-04-24T21:24:42.559Z] [unzip] else mkdir: C:\Users\Ziad Nasif\.cache\firebase\emulators\ui-v1.14.0\client
[debug] [2025-04-24T21:24:42.559Z] [unzip] deflating: C:\Users\Ziad Nasif\.cache\firebase\emulators\ui-v1.14.0\client\safari-pinned-tab.svg
[debug] [2025-04-24T21:24:42.562Z] [unzip] Entry: client/favicon.ico (compressed_size=2933 bytes, uncompressed_size=13294 bytes)
[debug] [2025-04-24T21:24:42.562Z] [unzip] Processing entry: client\favicon.ico
[debug] [2025-04-24T21:24:42.562Z] [unzip] else mkdir: C:\Users\Ziad Nasif\.cache\firebase\emulators\ui-v1.14.0\client
[debug] [2025-04-24T21:24:42.563Z] [unzip] deflating: C:\Users\Ziad Nasif\.cache\firebase\emulators\ui-v1.14.0\client\favicon.ico
[debug] [2025-04-24T21:24:42.564Z] [unzip] Entry: client/index.html (compressed_size=1363 bytes, uncompressed_size=3071 bytes)
[debug] [2025-04-24T21:24:42.564Z] [unzip] Processing entry: client\index.html
[debug] [2025-04-24T21:24:42.564Z] [unzip] else mkdir: C:\Users\Ziad Nasif\.cache\firebase\emulators\ui-v1.14.0\client
[debug] [2025-04-24T21:24:42.564Z] [unzip] deflating: C:\Users\Ziad Nasif\.cache\firebase\emulators\ui-v1.14.0\client\index.html
[debug] [2025-04-24T21:24:42.565Z] [unzip] Entry: client/android-chrome-192x192.png (compressed_size=2684 bytes, uncompressed_size=2684 bytes)
[debug] [2025-04-24T21:24:42.565Z] [unzip] Processing entry: client\android-chrome-192x192.png
[debug] [2025-04-24T21:24:42.565Z] [unzip] else mkdir: C:\Users\Ziad Nasif\.cache\firebase\emulators\ui-v1.14.0\client
[debug] [2025-04-24T21:24:42.565Z] [unzip] Writing file: C:\Users\Ziad Nasif\.cache\firebase\emulators\ui-v1.14.0\client\android-chrome-192x192.png
[debug] [2025-04-24T21:24:42.566Z] [unzip] Entry: client/apple-touch-icon.png (compressed_size=2123 bytes, uncompressed_size=2152 bytes)
[debug] [2025-04-24T21:24:42.566Z] [unzip] Processing entry: client\apple-touch-icon.png
[debug] [2025-04-24T21:24:42.566Z] [unzip] else mkdir: C:\Users\Ziad Nasif\.cache\firebase\emulators\ui-v1.14.0\client
[debug] [2025-04-24T21:24:42.566Z] [unzip] deflating: C:\Users\Ziad Nasif\.cache\firebase\emulators\ui-v1.14.0\client\apple-touch-icon.png
[debug] [2025-04-24T21:24:42.567Z] [unzip] Entry: client/android-chrome-512x512.png (compressed_size=5369 bytes, uncompressed_size=5411 bytes)
[debug] [2025-04-24T21:24:42.567Z] [unzip] Processing entry: client\android-chrome-512x512.png
[debug] [2025-04-24T21:24:42.567Z] [unzip] else mkdir: C:\Users\Ziad Nasif\.cache\firebase\emulators\ui-v1.14.0\client
[debug] [2025-04-24T21:24:42.567Z] [unzip] deflating: C:\Users\Ziad Nasif\.cache\firebase\emulators\ui-v1.14.0\client\android-chrome-512x512.png
[debug] [2025-04-24T21:24:42.568Z] [unzip] Entry: client/manifest.json (compressed_size=245 bytes, uncompressed_size=551 bytes)
[debug] [2025-04-24T21:24:42.568Z] [unzip] Processing entry: client\manifest.json
[debug] [2025-04-24T21:24:42.568Z] [unzip] else mkdir: C:\Users\Ziad Nasif\.cache\firebase\emulators\ui-v1.14.0\client
[debug] [2025-04-24T21:24:42.568Z] [unzip] deflating: C:\Users\Ziad Nasif\.cache\firebase\emulators\ui-v1.14.0\client\manifest.json
[debug] [2025-04-24T21:24:42.569Z] [unzip] Entry: client/robots.txt (compressed_size=26 bytes, uncompressed_size=26 bytes)
[debug] [2025-04-24T21:24:42.569Z] [unzip] Processing entry: client\robots.txt
[debug] [2025-04-24T21:24:42.569Z] [unzip] else mkdir: C:\Users\Ziad Nasif\.cache\firebase\emulators\ui-v1.14.0\client
[debug] [2025-04-24T21:24:42.570Z] [unzip] Writing file: C:\Users\Ziad Nasif\.cache\firebase\emulators\ui-v1.14.0\client\robots.txt
[debug] [2025-04-24T21:24:42.570Z] [unzip] Entry: client/mstile-150x150.png (compressed_size=2034 bytes, uncompressed_size=2034 bytes)
[debug] [2025-04-24T21:24:42.570Z] [unzip] Processing entry: client\mstile-150x150.png
[debug] [2025-04-24T21:24:42.570Z] [unzip] else mkdir: C:\Users\Ziad Nasif\.cache\firebase\emulators\ui-v1.14.0\client
[debug] [2025-04-24T21:24:42.570Z] [unzip] Writing file: C:\Users\Ziad Nasif\.cache\firebase\emulators\ui-v1.14.0\client\mstile-150x150.png
[debug] [2025-04-24T21:24:42.571Z] [unzip] Entry: client/assets/ (compressed_size=0 bytes, uncompressed_size=0 bytes)
[debug] [2025-04-24T21:24:42.571Z] [unzip] Processing entry: client\assets\
[debug] [2025-04-24T21:24:42.571Z] [unzip] mkdir: C:\Users\Ziad Nasif\.cache\firebase\emulators\ui-v1.14.0\client\assets\
[debug] [2025-04-24T21:24:42.571Z] [unzip] Entry: client/assets/index-ClZTY_JS.js.map (compressed_size=2328270 bytes, uncompressed_size=9947004 bytes)
[debug] [2025-04-24T21:24:42.571Z] [unzip] Processing entry: client\assets\index-ClZTY_JS.js.map
[debug] [2025-04-24T21:24:42.571Z] [unzip] else mkdir: C:\Users\Ziad Nasif\.cache\firebase\emulators\ui-v1.14.0\client\assets
[debug] [2025-04-24T21:24:42.571Z] [unzip] deflating: C:\Users\Ziad Nasif\.cache\firebase\emulators\ui-v1.14.0\client\assets\index-ClZTY_JS.js.map
[debug] [2025-04-24T21:24:42.601Z] [unzip] Entry: client/assets/index-ClZTY_JS.js (compressed_size=567195 bytes, uncompressed_size=2035940 bytes)
[debug] [2025-04-24T21:24:42.601Z] [unzip] Processing entry: client\assets\index-ClZTY_JS.js
[debug] [2025-04-24T21:24:42.601Z] [unzip] else mkdir: C:\Users\Ziad Nasif\.cache\firebase\emulators\ui-v1.14.0\client\assets
[debug] [2025-04-24T21:24:42.601Z] [unzip] deflating: C:\Users\Ziad Nasif\.cache\firebase\emulators\ui-v1.14.0\client\assets\index-ClZTY_JS.js
[debug] [2025-04-24T21:24:42.608Z] [unzip] Entry: client/assets/index-BdgySamB.css (compressed_size=35979 bytes, uncompressed_size=298654 bytes)
[debug] [2025-04-24T21:24:42.608Z] [unzip] Processing entry: client\assets\index-BdgySamB.css
[debug] [2025-04-24T21:24:42.609Z] [unzip] else mkdir: C:\Users\Ziad Nasif\.cache\firebase\emulators\ui-v1.14.0\client\assets
[debug] [2025-04-24T21:24:42.609Z] [unzip] deflating: C:\Users\Ziad Nasif\.cache\firebase\emulators\ui-v1.14.0\client\assets\index-BdgySamB.css
[debug] [2025-04-24T21:24:42.610Z] [unzip] Entry: client/assets/extensions/ (compressed_size=0 bytes, uncompressed_size=0 bytes)
[debug] [2025-04-24T21:24:42.611Z] [unzip] Processing entry: client\assets\extensions\
[debug] [2025-04-24T21:24:42.611Z] [unzip] mkdir: C:\Users\Ziad Nasif\.cache\firebase\emulators\ui-v1.14.0\client\assets\extensions\
[debug] [2025-04-24T21:24:42.611Z] [unzip] Entry: client/assets/extensions/default-extension.png (compressed_size=1646 bytes, uncompressed_size=1657 bytes)
[debug] [2025-04-24T21:24:42.611Z] [unzip] Processing entry: client\assets\extensions\default-extension.png
[debug] [2025-04-24T21:24:42.611Z] [unzip] else mkdir: C:\Users\Ziad Nasif\.cache\firebase\emulators\ui-v1.14.0\client\assets\extensions
[debug] [2025-04-24T21:24:42.611Z] [unzip] deflating: C:\Users\Ziad Nasif\.cache\firebase\emulators\ui-v1.14.0\client\assets\extensions\default-extension.png
[debug] [2025-04-24T21:24:42.612Z] [unzip] Entry: client/assets/img/ (compressed_size=0 bytes, uncompressed_size=0 bytes)
[debug] [2025-04-24T21:24:42.612Z] [unzip] Processing entry: client\assets\img\
[debug] [2025-04-24T21:24:42.612Z] [unzip] mkdir: C:\Users\Ziad Nasif\.cache\firebase\emulators\ui-v1.14.0\client\assets\img\
[debug] [2025-04-24T21:24:42.612Z] [unzip] Entry: client/assets/img/database.png (compressed_size=29449 bytes, uncompressed_size=29988 bytes)
[debug] [2025-04-24T21:24:42.612Z] [unzip] Processing entry: client\assets\img\database.png
[debug] [2025-04-24T21:24:42.612Z] [unzip] else mkdir: C:\Users\Ziad Nasif\.cache\firebase\emulators\ui-v1.14.0\client\assets\img
[debug] [2025-04-24T21:24:42.612Z] [unzip] deflating: C:\Users\Ziad Nasif\.cache\firebase\emulators\ui-v1.14.0\client\assets\img\database.png
[debug] [2025-04-24T21:24:42.613Z] [unzip] Entry: client/assets/provider-icons/ (compressed_size=0 bytes, uncompressed_size=0 bytes)
[debug] [2025-04-24T21:24:42.613Z] [unzip] Processing entry: client\assets\provider-icons\
[debug] [2025-04-24T21:24:42.613Z] [unzip] mkdir: C:\Users\Ziad Nasif\.cache\firebase\emulators\ui-v1.14.0\client\assets\provider-icons\
[debug] [2025-04-24T21:24:42.613Z] [unzip] Entry: client/assets/provider-icons/auth_service_saml.svg (compressed_size=575 bytes, uncompressed_size=1226 bytes)
[debug] [2025-04-24T21:24:42.613Z] [unzip] Processing entry: client\assets\provider-icons\auth_service_saml.svg
[debug] [2025-04-24T21:24:42.613Z] [unzip] else mkdir: C:\Users\Ziad Nasif\.cache\firebase\emulators\ui-v1.14.0\client\assets\provider-icons
[debug] [2025-04-24T21:24:42.613Z] [unzip] deflating: C:\Users\Ziad Nasif\.cache\firebase\emulators\ui-v1.14.0\client\assets\provider-icons\auth_service_saml.svg
[debug] [2025-04-24T21:24:42.614Z] [unzip] Entry: client/assets/provider-icons/auth_service_phone.svg (compressed_size=261 bytes, uncompressed_size=414 bytes)
[debug] [2025-04-24T21:24:42.614Z] [unzip] Processing entry: client\assets\provider-icons\auth_service_phone.svg
[debug] [2025-04-24T21:24:42.614Z] [unzip] else mkdir: C:\Users\Ziad Nasif\.cache\firebase\emulators\ui-v1.14.0\client\assets\provider-icons
[debug] [2025-04-24T21:24:42.614Z] [unzip] deflating: C:\Users\Ziad Nasif\.cache\firebase\emulators\ui-v1.14.0\client\assets\provider-icons\auth_service_phone.svg
[debug] [2025-04-24T21:24:42.615Z] [unzip] Entry: client/assets/provider-icons/auth_service_facebook.svg (compressed_size=289 bytes, uncompressed_size=457 bytes)
[debug] [2025-04-24T21:24:42.615Z] [unzip] Processing entry: client\assets\provider-icons\auth_service_facebook.svg
[debug] [2025-04-24T21:24:42.615Z] [unzip] else mkdir: C:\Users\Ziad Nasif\.cache\firebase\emulators\ui-v1.14.0\client\assets\provider-icons
[debug] [2025-04-24T21:24:42.615Z] [unzip] deflating: C:\Users\Ziad Nasif\.cache\firebase\emulators\ui-v1.14.0\client\assets\provider-icons\auth_service_facebook.svg
[debug] [2025-04-24T21:24:42.616Z] [unzip] Entry: client/assets/provider-icons/auth_service_game_center.svg (compressed_size=991 bytes, uncompressed_size=3921 bytes)
[debug] [2025-04-24T21:24:42.616Z] [unzip] Processing entry: client\assets\provider-icons\auth_service_game_center.svg
[debug] [2025-04-24T21:24:42.616Z] [unzip] else mkdir: C:\Users\Ziad Nasif\.cache\firebase\emulators\ui-v1.14.0\client\assets\provider-icons
[debug] [2025-04-24T21:24:42.616Z] [unzip] deflating: C:\Users\Ziad Nasif\.cache\firebase\emulators\ui-v1.14.0\client\assets\provider-icons\auth_service_game_center.svg
[debug] [2025-04-24T21:24:42.616Z] [unzip] Entry: client/assets/provider-icons/auth_service_apple.svg (compressed_size=230 bytes, uncompressed_size=334 bytes)
[debug] [2025-04-24T21:24:42.616Z] [unzip] Processing entry: client\assets\provider-icons\auth_service_apple.svg
[debug] [2025-04-24T21:24:42.616Z] [unzip] else mkdir: C:\Users\Ziad Nasif\.cache\firebase\emulators\ui-v1.14.0\client\assets\provider-icons
[debug] [2025-04-24T21:24:42.617Z] [unzip] deflating: C:\Users\Ziad Nasif\.cache\firebase\emulators\ui-v1.14.0\client\assets\provider-icons\auth_service_apple.svg
[debug] [2025-04-24T21:24:42.617Z] [unzip] Entry: client/assets/provider-icons/auth_service_github.svg (compressed_size=466 bytes, uncompressed_size=838 bytes)
[debug] [2025-04-24T21:24:42.618Z] [unzip] Processing entry: client\assets\provider-icons\auth_service_github.svg
[debug] [2025-04-24T21:24:42.618Z] [unzip] else mkdir: C:\Users\Ziad Nasif\.cache\firebase\emulators\ui-v1.14.0\client\assets\provider-icons
[debug] [2025-04-24T21:24:42.618Z] [unzip] deflating: C:\Users\Ziad Nasif\.cache\firebase\emulators\ui-v1.14.0\client\assets\provider-icons\auth_service_github.svg
[debug] [2025-04-24T21:24:42.618Z] [unzip] Entry: client/assets/provider-icons/auth_service_mslive.svg (compressed_size=203 bytes, uncompressed_size=378 bytes)
[debug] [2025-04-24T21:24:42.618Z] [unzip] Processing entry: client\assets\provider-icons\auth_service_mslive.svg
[debug] [2025-04-24T21:24:42.618Z] [unzip] else mkdir: C:\Users\Ziad Nasif\.cache\firebase\emulators\ui-v1.14.0\client\assets\provider-icons
[debug] [2025-04-24T21:24:42.618Z] [unzip] deflating: C:\Users\Ziad Nasif\.cache\firebase\emulators\ui-v1.14.0\client\assets\provider-icons\auth_service_mslive.svg
[debug] [2025-04-24T21:24:42.619Z] [unzip] Entry: client/assets/provider-icons/auth_service_yahoo.svg (compressed_size=577 bytes, uncompressed_size=1182 bytes)
[debug] [2025-04-24T21:24:42.619Z] [unzip] Processing entry: client\assets\provider-icons\auth_service_yahoo.svg
[debug] [2025-04-24T21:24:42.619Z] [unzip] else mkdir: C:\Users\Ziad Nasif\.cache\firebase\emulators\ui-v1.14.0\client\assets\provider-icons
[debug] [2025-04-24T21:24:42.619Z] [unzip] deflating: C:\Users\Ziad Nasif\.cache\firebase\emulators\ui-v1.14.0\client\assets\provider-icons\auth_service_yahoo.svg
[debug] [2025-04-24T21:24:42.620Z] [unzip] Entry: client/assets/provider-icons/auth_service_twitter.svg (compressed_size=444 bytes, uncompressed_size=751 bytes)
[debug] [2025-04-24T21:24:42.620Z] [unzip] Processing entry: client\assets\provider-icons\auth_service_twitter.svg
[debug] [2025-04-24T21:24:42.620Z] [unzip] else mkdir: C:\Users\Ziad Nasif\.cache\firebase\emulators\ui-v1.14.0\client\assets\provider-icons
[debug] [2025-04-24T21:24:42.620Z] [unzip] deflating: C:\Users\Ziad Nasif\.cache\firebase\emulators\ui-v1.14.0\client\assets\provider-icons\auth_service_twitter.svg
[debug] [2025-04-24T21:24:42.621Z] [unzip] Entry: client/assets/provider-icons/auth_service_play_games.svg (compressed_size=565 bytes, uncompressed_size=1173 bytes)
[debug] [2025-04-24T21:24:42.621Z] [unzip] Processing entry: client\assets\provider-icons\auth_service_play_games.svg
[debug] [2025-04-24T21:24:42.621Z] [unzip] else mkdir: C:\Users\Ziad Nasif\.cache\firebase\emulators\ui-v1.14.0\client\assets\provider-icons
[debug] [2025-04-24T21:24:42.621Z] [unzip] deflating: C:\Users\Ziad Nasif\.cache\firebase\emulators\ui-v1.14.0\client\assets\provider-icons\auth_service_play_games.svg
[debug] [2025-04-24T21:24:42.621Z] [unzip] Entry: client/assets/provider-icons/auth_service_email.svg (compressed_size=228 bytes, uncompressed_size=326 bytes)
[debug] [2025-04-24T21:24:42.621Z] [unzip] Processing entry: client\assets\provider-icons\auth_service_email.svg
[debug] [2025-04-24T21:24:42.621Z] [unzip] else mkdir: C:\Users\Ziad Nasif\.cache\firebase\emulators\ui-v1.14.0\client\assets\provider-icons
[debug] [2025-04-24T21:24:42.622Z] [unzip] deflating: C:\Users\Ziad Nasif\.cache\firebase\emulators\ui-v1.14.0\client\assets\provider-icons\auth_service_email.svg
[debug] [2025-04-24T21:24:42.622Z] [unzip] Entry: client/assets/provider-icons/auth_service_google.svg (compressed_size=409 bytes, uncompressed_size=720 bytes)
[debug] [2025-04-24T21:24:42.622Z] [unzip] Processing entry: client\assets\provider-icons\auth_service_google.svg
[debug] [2025-04-24T21:24:42.622Z] [unzip] else mkdir: C:\Users\Ziad Nasif\.cache\firebase\emulators\ui-v1.14.0\client\assets\provider-icons
[debug] [2025-04-24T21:24:42.622Z] [unzip] deflating: C:\Users\Ziad Nasif\.cache\firebase\emulators\ui-v1.14.0\client\assets\provider-icons\auth_service_google.svg
[debug] [2025-04-24T21:24:42.623Z] [unzip] Entry: client/assets/provider-icons/auth_service_oidc.svg (compressed_size=414 bytes, uncompressed_size=858 bytes)
[debug] [2025-04-24T21:24:42.623Z] [unzip] Processing entry: client\assets\provider-icons\auth_service_oidc.svg
[debug] [2025-04-24T21:24:42.623Z] [unzip] else mkdir: C:\Users\Ziad Nasif\.cache\firebase\emulators\ui-v1.14.0\client\assets\provider-icons
[debug] [2025-04-24T21:24:42.623Z] [unzip] deflating: C:\Users\Ziad Nasif\.cache\firebase\emulators\ui-v1.14.0\client\assets\provider-icons\auth_service_oidc.svg
[debug] [2025-04-24T21:24:42.623Z] [unzip] Entry: client/browserconfig.xml (compressed_size=491 bytes, uncompressed_size=822 bytes)
[debug] [2025-04-24T21:24:42.624Z] [unzip] Processing entry: client\browserconfig.xml
[debug] [2025-04-24T21:24:42.624Z] [unzip] else mkdir: C:\Users\Ziad Nasif\.cache\firebase\emulators\ui-v1.14.0\client
[debug] [2025-04-24T21:24:42.624Z] [unzip] deflating: C:\Users\Ziad Nasif\.cache\firebase\emulators\ui-v1.14.0\client\browserconfig.xml
[debug] [2025-04-24T21:24:42.624Z] [unzip] Entry: client/favicon-32x32.png (compressed_size=475 bytes, uncompressed_size=475 bytes)
[debug] [2025-04-24T21:24:42.624Z] [unzip] Processing entry: client\favicon-32x32.png
[debug] [2025-04-24T21:24:42.624Z] [unzip] else mkdir: C:\Users\Ziad Nasif\.cache\firebase\emulators\ui-v1.14.0\client
[debug] [2025-04-24T21:24:42.624Z] [unzip] Writing file: C:\Users\Ziad Nasif\.cache\firebase\emulators\ui-v1.14.0\client\favicon-32x32.png
[debug] [2025-04-24T21:24:42.625Z] [unzip] Entry: server/ (compressed_size=0 bytes, uncompressed_size=0 bytes)
[debug] [2025-04-24T21:24:42.625Z] [unzip] Processing entry: server\
[debug] [2025-04-24T21:24:42.625Z] [unzip] mkdir: C:\Users\Ziad Nasif\.cache\firebase\emulators\ui-v1.14.0\server\
[debug] [2025-04-24T21:24:42.625Z] [unzip] Entry: server/server.mjs.map (compressed_size=296496 bytes, uncompressed_size=1355667 bytes)
[debug] [2025-04-24T21:24:42.625Z] [unzip] Processing entry: server\server.mjs.map
[debug] [2025-04-24T21:24:42.625Z] [unzip] else mkdir: C:\Users\Ziad Nasif\.cache\firebase\emulators\ui-v1.14.0\server
[debug] [2025-04-24T21:24:42.625Z] [unzip] deflating: C:\Users\Ziad Nasif\.cache\firebase\emulators\ui-v1.14.0\server\server.mjs.map
[debug] [2025-04-24T21:24:42.629Z] [unzip] Entry: server/server.mjs (compressed_size=315701 bytes, uncompressed_size=1172682 bytes)
[debug] [2025-04-24T21:24:42.629Z] [unzip] Processing entry: server\server.mjs
[debug] [2025-04-24T21:24:42.629Z] [unzip] else mkdir: C:\Users\Ziad Nasif\.cache\firebase\emulators\ui-v1.14.0\server
[debug] [2025-04-24T21:24:42.629Z] [unzip] deflating: C:\Users\Ziad Nasif\.cache\firebase\emulators\ui-v1.14.0\server\server.mjs
[debug] [2025-04-24T21:24:42.633Z] [unzip] Entry: server/assets/ (compressed_size=0 bytes, uncompressed_size=0 bytes)
[debug] [2025-04-24T21:24:42.633Z] [unzip] Processing entry: server\assets\
[debug] [2025-04-24T21:24:42.633Z] [unzip] mkdir: C:\Users\Ziad Nasif\.cache\firebase\emulators\ui-v1.14.0\server\assets\
[debug] [2025-04-24T21:24:42.634Z] [unzip] Entry: server/assets/multipart-parser-DGCUZdXu.mjs.map (compressed_size=4791 bytes, uncompressed_size=17918 bytes)
[debug] [2025-04-24T21:24:42.634Z] [unzip] Processing entry: server\assets\multipart-parser-DGCUZdXu.mjs.map
[debug] [2025-04-24T21:24:42.634Z] [unzip] else mkdir: C:\Users\Ziad Nasif\.cache\firebase\emulators\ui-v1.14.0\server\assets
[debug] [2025-04-24T21:24:42.634Z] [unzip] deflating: C:\Users\Ziad Nasif\.cache\firebase\emulators\ui-v1.14.0\server\assets\multipart-parser-DGCUZdXu.mjs.map
[debug] [2025-04-24T21:24:42.634Z] [unzip] Entry: server/assets/multipart-parser-DGCUZdXu.mjs (compressed_size=2621 bytes, uncompressed_size=10390 bytes)
[debug] [2025-04-24T21:24:42.635Z] [unzip] Processing entry: server\assets\multipart-parser-DGCUZdXu.mjs
[debug] [2025-04-24T21:24:42.635Z] [unzip] else mkdir: C:\Users\Ziad Nasif\.cache\firebase\emulators\ui-v1.14.0\server\assets
[debug] [2025-04-24T21:24:42.635Z] [unzip] deflating: C:\Users\Ziad Nasif\.cache\firebase\emulators\ui-v1.14.0\server\assets\multipart-parser-DGCUZdXu.mjs
[debug] [2025-04-24T21:24:42.637Z] [Extensions] Connecting Extensions emulator, this is a noop.
[info] i  functions: Watching "D:\it-wepapp\new_rivoo\functions" for Cloud Functions... {"metadata":{"emulator":{"name":"functions"},"message":"Watching \"D:\\it-wepapp\\new_rivoo\\functions\" for Cloud Functions..."}}
[debug] [2025-04-24T21:24:42.642Z] Validating nodejs source
[debug] [2025-04-24T21:24:43.402Z] > [functions] package.json contents: {
  "name": "functions",
  "description": "Cloud Functions for Firebase",
  "scripts": {
    "serve": "firebase emulators:start --only functions",
    "shell": "firebase functions:shell",
    "start": "npm run shell",
    "deploy": "firebase deploy --only functions",
    "logs": "firebase functions:log"
  },
  "engines": {
    "node": "22"
  },
  "main": "index.js",
  "dependencies": {
    "firebase-admin": "^12.6.0",
    "firebase-functions": "^6.0.1"
  },
  "devDependencies": {
    "firebase-functions-test": "^3.1.0"
  },
  "private": true
}
[debug] [2025-04-24T21:24:43.403Z] Building nodejs source
[debug] [2025-04-24T21:24:43.403Z] Failed to find version of module node: reached end of search path D:\it-wepapp\new_rivoo\functions\node_modules
[info] +  functions: Using node@22 from host. 
[debug] [2025-04-24T21:24:43.405Z] Could not find functions.yaml. Must use http discovery
[debug] [2025-04-24T21:24:43.409Z] Found firebase-functions binary at 'D:\it-wepapp\new_rivoo\functions\node_modules\.bin\firebase-functions'
[info] Serving at port 8686

[debug] [2025-04-24T21:24:43.807Z] Got response from /__/functions.yaml {"endpoints":{},"specVersion":"v1alpha1","requiredAPIs":[],"extensions":{}}
[debug] [2025-04-24T21:24:47.851Z] defaultcredentials: writing to file C:\Users\Ziad Nasif\AppData\Roaming\firebase\ziadnasif77_gmail_com_application_default_credentials.json
[debug] [2025-04-24T21:24:47.851Z] Setting GAC to C:\Users\Ziad Nasif\AppData\Roaming\firebase\ziadnasif77_gmail_com_application_default_credentials.json {"metadata":{"emulator":{"name":"functions"},"message":"Setting GAC to C:\\Users\\Ziad Nasif\\AppData\\Roaming\\firebase\\ziadnasif77_gmail_com_application_default_credentials.json"}}
[info] +  functions: Loaded functions definitions from source: . {"metadata":{"emulator":{"name":"functions"},"message":"Loaded functions definitions from source: ."}}
[debug] [2025-04-24T21:24:47.856Z] Could not find VSCode notification endpoint: FetchError: request to http://localhost:40001/vscode/notify failed, reason: . If you are not running the Firebase Data Connect VSCode extension, this is expected and not an issue.
[info] 
┌─────────────────────────────────────────────────────────────┐
│ ✔  All emulators ready! It is now safe to connect your app. │
│ i  View Emulator UI at http://127.0.0.1:4000/               │
└─────────────────────────────────────────────────────────────┘

┌────────────────┬────────────────┬──────────────────────────────────┐
│ Emulator       │ Host:Port      │ View in Emulator UI              │
├────────────────┼────────────────┼──────────────────────────────────┤
│ Authentication │ 127.0.0.1:9099 │ http://127.0.0.1:4000/auth       │
├────────────────┼────────────────┼──────────────────────────────────┤
│ Functions      │ 127.0.0.1:5001 │ http://127.0.0.1:4000/functions  │
├────────────────┼────────────────┼──────────────────────────────────┤
│ Firestore      │ 127.0.0.1:8080 │ http://127.0.0.1:4000/firestore  │
├────────────────┼────────────────┼──────────────────────────────────┤
│ Extensions     │ 127.0.0.1:5001 │ http://127.0.0.1:4000/extensions │
└────────────────┴────────────────┴──────────────────────────────────┘
  Emulator Hub host: 127.0.0.1 port: 4400
  Other reserved ports: 4500, 9150
┌─────────────────────────┬───────────────┬─────────────────────┐
│ Extension Instance Name │ Extension Ref │ View in Emulator UI │
└─────────────────────────┴───────────────┴─────────────────────┘
Issues? Report them at https://github.com/firebase/firebase-tools/issues and attach the *-debug.log files.
 
[debug] [2025-04-24T21:30:24.696Z] Apr 24, 2025 11:30:24 PM com.google.cloud.datastore.emulator.firestore.websocket.WebSocketChannelHandler initChannel
INFO: Connected to new websocket client
 {"metadata":{"emulator":{"name":"firestore"},"message":"Apr 24, 2025 11:30:24 PM com.google.cloud.datastore.emulator.firestore.websocket.WebSocketChannelHandler initChannel\r\nINFO: Connected to new websocket client\r\n"}}
[debug] [2025-04-24T21:32:32.258Z] Apr 24, 2025 11:32:32 PM com.google.cloud.datastore.emulator.firestore.websocket.WebSocketChannelHandler channelClosed
INFO: Websocket client disconnected
 {"metadata":{"emulator":{"name":"firestore"},"message":"Apr 24, 2025 11:32:32 PM com.google.cloud.datastore.emulator.firestore.websocket.WebSocketChannelHandler channelClosed\r\nINFO: Websocket client disconnected\r\n"}}
[debug] [2025-04-24T21:32:32.361Z] Apr 24, 2025 11:32:32 PM com.google.cloud.datastore.emulator.firestore.websocket.WebSocketChannelHandler initChannel
INFO: Connected to new websocket client
 {"metadata":{"emulator":{"name":"firestore"},"message":"Apr 24, 2025 11:32:32 PM com.google.cloud.datastore.emulator.firestore.websocket.WebSocketChannelHandler initChannel\r\nINFO: Connected to new websocket client\r\n"}}
[debug] [2025-04-24T21:33:18.867Z] >>> [apiv2][query] POST http://127.0.0.1:5001/functions/projects/demo-rivoo/trigger_multicast [none]
[debug] [2025-04-24T21:33:18.867Z] >>> [apiv2][body] POST http://127.0.0.1:5001/functions/projects/demo-rivoo/trigger_multicast {"eventId":"594c1c15-fbb3-448f-b59e-bf96239357a5","eventType":"providers/firebase.auth/eventTypes/user.create","resource":{"name":"projects/demo-rivoo","service":"firebaseauth.googleapis.com"},"params":{},"timestamp":"2025-04-24T21:33:18.867Z","data":{"uid":"6s8rpTfzVRNHoqGgA239glivXPKe","email":"ziadnasif77@gmail.com","emailVerified":false,"displayName":"Ziad","photoURL":"","phoneNumber":"+4745186873","metadata":{"creationTime":"2025-04-24T21:33:18.865Z","lastSignInTime":"2025-04-24T21:33:18.865Z"},"customClaims":{},"providerData":[{"providerId":"password","email":"ziadnasif77@gmail.com","federatedId":"ziadnasif77@gmail.com","rawId":"ziadnasif77@gmail.com","displayName":"Ziad","photoUrl":""},{"providerId":"phone","phoneNumber":"+4745186873","rawId":"+4745186873"}],"mfaInfo":[]}}
[debug] [2025-04-24T21:33:18.872Z] <<< [apiv2][status] POST http://127.0.0.1:5001/functions/projects/demo-rivoo/trigger_multicast 200
[debug] [2025-04-24T21:33:18.872Z] <<< [apiv2][body] POST http://127.0.0.1:5001/functions/projects/demo-rivoo/trigger_multicast {"status":"multicast_acknowledged"}
[debug] [2025-04-24T21:45:45.424Z] Apr 24, 2025 11:45:45 PM com.google.cloud.datastore.emulator.firestore.websocket.WebSocketChannelHandler channelClosed
INFO: Websocket client disconnected
 {"metadata":{"emulator":{"name":"firestore"},"message":"Apr 24, 2025 11:45:45 PM com.google.cloud.datastore.emulator.firestore.websocket.WebSocketChannelHandler channelClosed\r\nINFO: Websocket client disconnected\r\n"}}
